<?xml version="1.0" encoding="UTF-8"?>
<!-- Generated by org.testng.reporters.JUnitReportReporter -->
<testsuite hostname="LAPTOP-IVB62MT9" failures="0" tests="12" name="com.lambdatest.Testng1" time="722.191" errors="0" timestamp="22 Jul 2022 16:03:30 GMT" skipped="0">
  <testcase classname="com.lambdatest.Testng1" name="scenarioOne" time="69.159"/>
  <testcase classname="com.lambdatest.Testng1" name="scenarioOne" time="69.574"/>
  <testcase classname="com.lambdatest.Testng1" name="scenarioOne" time="139.030"/>
  <testcase classname="com.lambdatest.Testng1" name="scenarioOne" time="69.557"/>
  <testcase classname="com.lambdatest.Testng1" name="secondScenario" time="27.575"/>
  <testcase classname="com.lambdatest.Testng1" name="secondScenario" time="57.403"/>
  <testcase classname="com.lambdatest.Testng1" name="secondScenario" time="34.357"/>
  <testcase classname="com.lambdatest.Testng1" name="secondScenario" time="100.222"/>
  <testcase classname="com.lambdatest.Testng1" name="thirdScenario" time="38.357"/>
  <testcase classname="com.lambdatest.Testng1" name="thirdScenario" time="40.226"/>
  <testcase classname="com.lambdatest.Testng1" name="thirdScenario" time="36.360"/>
  <testcase classname="com.lambdatest.Testng1" name="thirdScenario" time="40.371"/>
</testsuite> <!-- com.lambdatest.Testng1 -->
